1688148926467	geckodriver	INFO	Listening on 127.0.0.1:63027
1688148929538	mozrunner::runner	INFO	Running command: "C:\\Program Files\\Mozilla Firefox\\firefox.exe" "--marionette" "--remote-debugging-port" "63028" "--remote-allow-hosts" "localhost" "-no-remote" "-profile" "C:\\Users\\Dmitry\\AppData\\Local\\Temp\\rust_mozprofile1Ueuki"
console.warn: services.settings: Ignoring preference override of remote settings server
console.warn: services.settings: Allow by setting MOZ_REMOTE_SETTINGS_DEVTOOLS=1 in the environment
1688148929769	Marionette	INFO	Marionette enabled
Dynamically enable window occlusion 0
1688148929773	Marionette	INFO	Listening on port 63035
WebDriver BiDi listening on ws://127.0.0.1:63028
Read port: 63035
1688148929986	RemoteAgent	WARN	TLS certificate errors will be ignored for this session
DevTools listening on ws://127.0.0.1:63028/devtools/browser/c657807e-b280-4cf1-846e-5f1563c5c250
JavaScript warning: http://p.2ad.wtf/ad/base.js?id=02315976cdff683748518574eb2afb789810&rid=2oEbXFW7_t2id7W1AOVzWyerNZo&reg=78&referer=http%3A%2F%2Fselenium1py.pythonanywhere.com%2Fen-gb%2F, line 1: WEBGL_debug_renderer_info is deprecated in Firefox and will be removed. Please use RENDERER.
JavaScript error: http://selenium1py.pythonanywhere.com/en-gb/, line 753: ReferenceError: oscar is not defined
1688148932769	Marionette	INFO	Stopped listening on port 63035
Dynamically enable window occlusion 1
1688149053053	geckodriver	INFO	Listening on 127.0.0.1:63166
1688149056096	mozrunner::runner	INFO	Running command: "C:\\Program Files\\Mozilla Firefox\\firefox.exe" "--marionette" "--remote-debugging-port" "63167" "--remote-allow-hosts" "localhost" "-no-remote" "-profile" "C:\\Users\\Dmitry\\AppData\\Local\\Temp\\rust_mozprofiledVXH0t"
console.warn: services.settings: Ignoring preference override of remote settings server
console.warn: services.settings: Allow by setting MOZ_REMOTE_SETTINGS_DEVTOOLS=1 in the environment
1688149056318	Marionette	INFO	Marionette enabled
Dynamically enable window occlusion 0
1688149056322	Marionette	INFO	Listening on port 63176
Read port: 63176
WebDriver BiDi listening on ws://127.0.0.1:63167
1688149056414	RemoteAgent	WARN	TLS certificate errors will be ignored for this session
DevTools listening on ws://127.0.0.1:63167/devtools/browser/c9fa92e2-d587-4628-b1ca-6f3ec7ef42e3
JavaScript warning: http://p.2ad.wtf/ad/base.js?id=02315976cdff683748518574eb2afb789810&rid=gvGZsRIu7liplk636lCZARDQKng&reg=78&referer=http%3A%2F%2Fselenium1py.pythonanywhere.com%2Fen-gb%2F, line 1: WEBGL_debug_renderer_info is deprecated in Firefox and will be removed. Please use RENDERER.
JavaScript error: http://selenium1py.pythonanywhere.com/en-gb/, line 753: ReferenceError: oscar is not defined
JavaScript error: http://selenium1py.pythonanywhere.com/en-gb/accounts/login/, line 624: ReferenceError: oscar is not defined
1688149060408	Marionette	INFO	Stopped listening on port 63176
Dynamically enable window occlusion 1
